* [33mb4a9ecc[m  [32m2 days ago[m   [1;34mrawGem[m  [31m (HEAD, master)[m quick fix, inner link not expected to end with space
* [33ma6ae23a[m  [32m2 days ago[m   [1;34mrawGem[m  [31m[m adds icons to side-bar links
* [33m0d0ad53[m  [32m2 days ago[m   [1;34mrawGem[m  [31m[m grid background
* [33m57469ca[m  [32m2 days ago[m   [1;34mrawGem[m  [31m[m implements downvote Meteor call
* [33m39f6d75[m  [32m2 days ago[m   [1;34mrawGem[m  [31m[m changes method name for incrementing upvote
* [33m7d8bd6b[m  [32m3 days ago[m   [1;34mrawGem[m  [31m[m upvote is functional and persisted in db
* [33me993e39[m  [32m3 days ago[m   [1;34mrawGem[m  [31m[m [DEBUG ME] can only use _id as selector to update in mongo on client
* [33ma82a514[m  [32m3 days ago[m   [1;34mrawGem[m  [31m[m remove test
* [33mc99db07[m  [32m3 days ago[m   [1;34mrawGem[m  [31m[m displays upvote and downvote
* [33m9d36669[m  [32m3 days ago[m   [1;34mrawGem[m  [31m[m adds votes counter to seed, lower case subject
* [33m381d606[m  [32m3 days ago[m   [1;34mrawGem[m  [31m[m close sidenav on click
* [33m8a1dd8f[m  [32m3 days ago[m   [1;34mrawGem[m  [31m[m fixed navbar
* [33m4d7857d[m  [32m3 days ago[m   [1;34mrawGem[m  [31m[m no more hours on passing data
* [33m0d23bbe[m  [32m3 days ago[m   [1;34mrawGem[m  [31m[m remove prints
* [33m6c433cc[m  [32m3 days ago[m   [1;34mrawGem[m  [31m[m reactive subscribe via reactive var
* [33mac2705f[m  [32m4 days ago[m   [1;34mrawGem[m  [31m[m subscribe with parameter
* [33mbf5fad8[m  [32m4 days ago[m   [1;34mrawGem[m  [31m[m adds a section in seeds
* [33mafb3b18[m  [32m4 days ago[m   [1;34mrawGem[m  [31m[m subscribe through main template
* [33m15a4153[m  [32m4 days ago[m   [1;34mrawGem[m  [31m[m underscores for mongo fields
* [33m79551a1[m  [32m4 days ago[m   [1;34mrawGem[m  [31m[m change seed, data to description in card
* [33md3f49a8[m  [32m4 days ago[m   [1;34mrawGem[m  [31m[m debugs not data context in template, adds mongol
* [33mcf422a2[m  [32m4 days ago[m   [1;34mrawGem[m  [31m[m changed description to text, still no love
* [33m85d531a[m  [32m4 days ago[m   [1;34mrawGem[m  [31m[m card for subsection
* [33m2caeaa4[m  [32m4 days ago[m   [1;34mrawGem[m  [31m[m adds collection and seed data to test against
* [33m18f7699[m  [32m4 days ago[m   [1;34mrawGem[m  [31m[m placeholder from literal to helper
* [33m0dc3a25[m  [32m4 days ago[m   [1;34mrawGem[m  [31m[m placeholder heading
* [33m813daf2[m  [32m4 days ago[m   [1;34mrawGem[m  [31m[m column size change
* [33m26df7bd[m  [32m7 days ago[m   [1;34mrawGem[m  [31m[m replaces mdi nav icon with fa icon
* [33m6ee5b05[m  [32m7 days ago[m   [1;34mrawGem[m  [31m[m adds envelope icon
* [33m798ff56[m  [32m7 days ago[m   [1;34mrawGem[m  [31m[m unnecessary link in head...?
* [33mf91ebaf[m  [32m7 days ago[m   [1;34mrawGem[m  [31m[m removes more placeholder html, renames row tempalte to card
* [33me0b0cac[m  [32m7 days ago[m   [1;34mrawGem[m  [31m[m removes extra card, some alignment cleanup
* [33m6f9443b[m  [32m7 days ago[m   [1;34mrawGem[m  [31m[m organizes size and columns for icons
* [33m9273258[m  [32m7 days ago[m   [1;34mrawGem[m  [31m[m changes the link color in card action
* [33meb2bb1b[m  [32m7 days ago[m   [1;34mrawGem[m  [31m[m font awesome icons replace material icons
* [33m9eada63[m  [32m7 days ago[m   [1;34mrawGem[m  [31m[m just icons
* [33mf221480[m  [32m7 days ago[m   [1;34mrawGem[m  [31m[m thumb up as icon instead of button
* [33m256fef0[m  [32m7 days ago[m   [1;34mrawGem[m  [31m[m changes button display with columns
* [33m029ab9f[m  [32m7 days ago[m   [1;34mrawGem[m  [31m[m add shadow to splash
* [33m3810e47[m  [32m7 days ago[m   [1;34mrawGem[m  [31m[m adds splash screen placeholder
* [33m144f035[m  [32m7 days ago[m   [1;34mrawGem[m  [31m[m fontawesome
* [33m9e1c23a[m  [32m8 days ago[m   [1;34mrawGem[m  [31m[m reduces size of banner font
* [33m72b489c[m  [32m2 weeks ago[m  [1;34mrawGem[m  [31m[m changes size of nav icon
* [33mc1f6db3[m  [32m3 weeks ago[m  [1;34mrawGem[m  [31m[m adds name in banner
* [33m8e36e71[m  [32m3 weeks ago[m  [1;34mrawGem[m  [31m[m adds card template
* [33m56b896b[m  [32m3 weeks ago[m  [1;34mrawGem[m  [31m[m adds logos
* [33mee13653[m  [32m3 weeks ago[m  [1;34mrawGem[m  [31m[m adds notes
* [33mc2947d9[m  [32m3 weeks ago[m  [1;34mrawGem[m  [31m[m adds more relevant links
* [33ma37fbe0[m  [32m3 weeks ago[m  [1;34mrawGem[m  [31m[m changes card action bg color; [BUG] the buttons are humping
* [33m09a6aff[m  [32m3 weeks ago[m  [1;34mrawGem[m  [31m[m cards full width on large screen
* [33md5689ce[m  [32m3 weeks ago[m  [1;34mrawGem[m  [31m[m turns out !important doesn't fix typos
* [33m81cf5b6[m  [32m3 weeks ago[m  [1;34mrawGem[m  [31m[m two top-navs, one for nav one for info (banner)
* [33mf18146f[m  [32m3 weeks ago[m  [1;34mrawGem[m  [31m[m adds css for top nav (banner)
* [33mb93d7a6[m  [32m3 weeks ago[m  [1;34mrawGem[m  [31m[m places cards in containers, adds sideNav
* [33m81c644c[m  [32m3 weeks ago[m  [1;34mrawGem[m  [31m[m changes template rendered at home page
* [33mb2de12e[m  [32m3 weeks ago[m  [1;34mrawGem[m  [31m[m creates main template to hold UI and card tests
* [33m3e9a7a6[m  [32m3 weeks ago[m  [1;34mrawGem[m  [31m[m gets something on the screen
* [33m3b5c441[m  [32m3 weeks ago[m  [1;34mrawGem[m  [31m[m basic
